<?xml version="1.0" encoding="UTF-8"?>
<!-- Generated by org.testng.reporters.JUnitReportReporter -->
<testsuite hostname="Rishabhs-MacBook-Air.local" failures="0" tests="1" name="org.testing.WebTest.webTest" time="23.217" errors="0" timestamp="2022-06-28T01:09:25 IST" skipped="0">
  <testcase classname="org.testing.WebTest.webTest" name="WebTestCase" time="23.217"/>
  <system-out/>
</testsuite> <!-- org.testing.WebTest.webTest -->
